0 info it worked if it ends with ok
1 verbose cli [ '/Users/fanxu/.nvm/versions/node/v5.10.1/bin/node',
1 verbose cli   '/Users/fanxu/.nvm/versions/node/v5.10.1/bin/npm',
1 verbose cli   'start' ]
2 info using npm@3.8.7
3 info using node@v5.10.1
4 verbose run-script [ 'prestart', 'start', 'poststart' ]
5 info lifecycle node-js-getting-started@1.0.0~prestart: node-js-getting-started@1.0.0
6 silly lifecycle node-js-getting-started@1.0.0~prestart: no script for prestart, continuing
7 info lifecycle node-js-getting-started@1.0.0~start: node-js-getting-started@1.0.0
8 verbose lifecycle node-js-getting-started@1.0.0~start: unsafe-perm in lifecycle true
9 verbose lifecycle node-js-getting-started@1.0.0~start: PATH: /Users/fanxu/.nvm/versions/node/v5.10.1/lib/node_modules/npm/bin/node-gyp-bin:/Volumes/DiskMac/fanxu/workInZG/sas_lean/lean-sas/node_modules/.bin:/Users/fanxu/.nvm/versions/node/v5.10.1/bin:/Library/Frameworks/Python.framework/Versions/3.6/bin:/usr/local/php5/bin:/Users/fanxu/.rvm/gems/ruby-2.3.0/bin:/Users/fanxu/.rvm/gems/ruby-2.3.0@global/bin:/Users/fanxu/.rvm/rubies/ruby-2.3.0/bin:/Users/fanxu/.nvm/versions/node/v5.10.1/bin:/usr/local/bin:/usr/bin:/bin:/usr/sbin:/sbin:/opt/minicom/2.2/bin:/Volumes/DiskMac/fanxu/workSoft/forAndroid/adt-bundle-mac-x86_64-20140702/sdk/platform-tools:/Volumes/DiskMac/fanxu/workSoft/forAndroid/android-ndk-r9d:/Volumes/DiskMac/fanxu/workSoft/forAndroid/adt-bundle-mac-x86_64-20140702/sdk:/Volumes/DiskMac/fanxu/workSoft/forAndroid/adt-bundle-mac-x86_64-20140702/sdk/platform-tools:/Volumes/DiskMac/fanxu/workSoft/android-decompile/apktool-jdgui/apktool:/Users/fanxu/.rvm/bin
10 verbose lifecycle node-js-getting-started@1.0.0~start: CWD: /Volumes/DiskMac/fanxu/workInZG/sas_lean/lean-sas
11 silly lifecycle node-js-getting-started@1.0.0~start: Args: [ '-c', 'node server.js' ]
12 silly lifecycle node-js-getting-started@1.0.0~start: Returned: code: 1  signal: null
13 info lifecycle node-js-getting-started@1.0.0~start: Failed to exec start script
14 verbose stack Error: node-js-getting-started@1.0.0 start: `node server.js`
14 verbose stack Exit status 1
14 verbose stack     at EventEmitter.<anonymous> (/Users/fanxu/.nvm/versions/node/v5.10.1/lib/node_modules/npm/lib/utils/lifecycle.js:244:16)
14 verbose stack     at emitTwo (events.js:100:13)
14 verbose stack     at EventEmitter.emit (events.js:185:7)
14 verbose stack     at ChildProcess.<anonymous> (/Users/fanxu/.nvm/versions/node/v5.10.1/lib/node_modules/npm/lib/utils/spawn.js:24:14)
14 verbose stack     at emitTwo (events.js:100:13)
14 verbose stack     at ChildProcess.emit (events.js:185:7)
14 verbose stack     at maybeClose (internal/child_process.js:850:16)
14 verbose stack     at Process.ChildProcess._handle.onexit (internal/child_process.js:215:5)
15 verbose pkgid node-js-getting-started@1.0.0
16 verbose cwd /Volumes/DiskMac/fanxu/workInZG/sas_lean/lean-sas
17 error Darwin 16.0.0
18 error argv "/Users/fanxu/.nvm/versions/node/v5.10.1/bin/node" "/Users/fanxu/.nvm/versions/node/v5.10.1/bin/npm" "start"
19 error node v5.10.1
20 error npm  v3.8.7
21 error code ELIFECYCLE
22 error node-js-getting-started@1.0.0 start: `node server.js`
22 error Exit status 1
23 error Failed at the node-js-getting-started@1.0.0 start script 'node server.js'.
23 error Make sure you have the latest version of node.js and npm installed.
23 error If you do, this is most likely a problem with the node-js-getting-started package,
23 error not with npm itself.
23 error Tell the author that this fails on your system:
23 error     node server.js
23 error You can get information on how to open an issue for this project with:
23 error     npm bugs node-js-getting-started
23 error Or if that isn't available, you can get their info via:
23 error     npm owner ls node-js-getting-started
23 error There is likely additional logging output above.
24 verbose exit [ 1, true ]
